-------------------------------------------------------------------------------
Test set: eng3.ItemTest
-------------------------------------------------------------------------------
Tests run: 4, Failures: 4, Errors: 0, Skipped: 0, Time elapsed: 0.001 sec <<< FAILURE!
eng3.ItemTest.testCalculoDataDevolucaoAteDoisLivros()  Time elapsed: 0 sec  <<< FAILURE!
java.lang.NullPointerException: Cannot invoke "eng3.Item.calculaDataDevolucao(java.util.Date)" because "this.item1" is null
	at eng3.ItemTest.testCalculoDataDevolucaoAteDoisLivros(ItemTest.java:27)

eng3.ItemTest.testCalculoDataDevolucaoMaisDeDoisLivros()  Time elapsed: 0 sec  <<< FAILURE!
java.lang.NullPointerException: Cannot invoke "eng3.Item.calculaDataDevolucao(java.util.Date)" because "this.item3" is null
	at eng3.ItemTest.testCalculoDataDevolucaoMaisDeDoisLivros(ItemTest.java:40)

eng3.ItemTest.testNenhumLivroEmprestado()  Time elapsed: 0 sec  <<< FAILURE!
java.lang.NoClassDefFoundError: org/junit/Assert
	at eng3.ItemTest.testNenhumLivroEmprestado(ItemTest.java:73)
Caused by: java.lang.ClassNotFoundException: org.junit.Assert
	at java.base/jdk.internal.loader.BuiltinClassLoader.loadClass(BuiltinClassLoader.java:641)
	at java.base/jdk.internal.loader.ClassLoaders$AppClassLoader.loadClass(ClassLoaders.java:188)
	at java.base/java.lang.ClassLoader.loadClass(ClassLoader.java:526)
	... 15 more

eng3.ItemTest.testCalculoComPrazoInvalido()  Time elapsed: 0 sec  <<< FAILURE!
java.lang.NoClassDefFoundError: org/junit/Assert
	at eng3.ItemTest.testCalculoComPrazoInvalido(ItemTest.java:58)
Caused by: java.lang.ClassNotFoundException: org.junit.Assert
	... 15 more

