<?xml version="1.0" encoding="UTF-8" ?>
<testsuite tests="7" failures="7" name="eng3.EmprestimoTest" time="0.06" errors="0" skipped="0">
  <properties>
    <property name="java.runtime.name" value="OpenJDK Runtime Environment"/>
    <property name="java.vm.version" value="21.0.5+11-Ubuntu-1ubuntu122.04"/>
    <property name="sun.boot.library.path" value="/usr/lib/jvm/java-21-openjdk-amd64/lib"/>
    <property name="maven.multiModuleProjectDirectory" value="/home/danilosoares/eclipse-workspace/eng3"/>
    <property name="java.vm.vendor" value="Ubuntu"/>
    <property name="java.vendor.url" value="https://ubuntu.com/"/>
    <property name="guice.disable.misplaced.annotation.check" value="true"/>
    <property name="path.separator" value=":"/>
    <property name="java.vm.name" value="OpenJDK 64-Bit Server VM"/>
    <property name="user.country" value="BR"/>
    <property name="sun.java.launcher" value="SUN_STANDARD"/>
    <property name="java.vm.specification.name" value="Java Virtual Machine Specification"/>
    <property name="user.dir" value="/home/danilosoares/eclipse-workspace/eng3"/>
    <property name="java.vm.compressedOopsMode" value="Zero based"/>
    <property name="java.runtime.version" value="21.0.5+11-Ubuntu-1ubuntu122.04"/>
    <property name="os.arch" value="amd64"/>
    <property name="java.io.tmpdir" value="/tmp"/>
    <property name="line.separator" value="
"/>
    <property name="java.vm.specification.vendor" value="Oracle Corporation"/>
    <property name="stderr.encoding" value="UTF-8"/>
    <property name="os.name" value="Linux"/>
    <property name="classworlds.conf" value="/usr/share/maven/bin/m2.conf"/>
    <property name="sun.jnu.encoding" value="UTF-8"/>
    <property name="stdout.encoding" value="UTF-8"/>
    <property name="java.library.path" value="/usr/java/packages/lib:/usr/lib/x86_64-linux-gnu/jni:/lib/x86_64-linux-gnu:/usr/lib/x86_64-linux-gnu:/usr/lib/jni:/lib:/usr/lib"/>
    <property name="maven.conf" value="/usr/share/maven/conf"/>
    <property name="jdk.debug" value="release"/>
    <property name="java.class.version" value="65.0"/>
    <property name="java.specification.name" value="Java Platform API Specification"/>
    <property name="sun.management.compiler" value="HotSpot 64-Bit Tiered Compilers"/>
    <property name="os.version" value="6.9.3-76060903-generic"/>
    <property name="library.jansi.path" value="/usr/share/maven/lib/jansi-native"/>
    <property name="user.home" value="/home/danilosoares"/>
    <property name="user.timezone" value="America/Sao_Paulo"/>
    <property name="file.encoding" value="UTF-8"/>
    <property name="java.specification.version" value="21"/>
    <property name="user.name" value="danilosoares"/>
    <property name="java.class.path" value="/usr/share/maven/boot/plexus-classworlds-2.x.jar"/>
    <property name="java.vm.specification.version" value="21"/>
    <property name="sun.arch.data.model" value="64"/>
    <property name="sun.java.command" value="org.codehaus.plexus.classworlds.launcher.Launcher test"/>
    <property name="java.home" value="/usr/lib/jvm/java-21-openjdk-amd64"/>
    <property name="user.language" value="pt"/>
    <property name="java.specification.vendor" value="Oracle Corporation"/>
    <property name="java.vm.info" value="mixed mode, sharing"/>
    <property name="java.version" value="21.0.5"/>
    <property name="native.encoding" value="UTF-8"/>
    <property name="java.vendor" value="Ubuntu"/>
    <property name="maven.home" value="/usr/share/maven"/>
    <property name="file.separator" value="/"/>
    <property name="java.version.date" value="2024-10-15"/>
    <property name="java.vendor.url.bug" value="https://bugs.launchpad.net/ubuntu/+source/openjdk-21"/>
    <property name="sun.io.unicode.encoding" value="UnicodeLittle"/>
    <property name="sun.cpu.endian" value="little"/>
  </properties>
  <testcase classname="eng3.EmprestimoTest" name="eng3.EmprestimoTest.testEmprestimoComUmLivro" time="0.003">
    <failure message="Cannot invoke &quot;java.util.List.add(Object)&quot; because &quot;this.livros&quot; is null" type="java.lang.NullPointerException">java.lang.NullPointerException: Cannot invoke &quot;java.util.List.add(Object)&quot; because &quot;this.livros&quot; is null
	at eng3.EmprestimoTest.testEmprestimoComUmLivro(EmprestimoTest.java:40)
</failure>
  </testcase>
  <testcase classname="eng3.EmprestimoTest" name="eng3.EmprestimoTest.testEmprestimoComMultiplosLivros" time="0">
    <failure message="Cannot invoke &quot;java.util.List.add(Object)&quot; because &quot;this.livros&quot; is null" type="java.lang.NullPointerException">java.lang.NullPointerException: Cannot invoke &quot;java.util.List.add(Object)&quot; because &quot;this.livros&quot; is null
	at eng3.EmprestimoTest.testEmprestimoComMultiplosLivros(EmprestimoTest.java:47)
</failure>
  </testcase>
  <testcase classname="eng3.EmprestimoTest" name="eng3.EmprestimoTest.testCalculoDataDeDevolucao" time="0.053">
    <failure message="Cannot invoke &quot;eng3.Livro.verPrazo()&quot; because &quot;this.livro&quot; is null" type="java.lang.NullPointerException">java.lang.NullPointerException: Cannot invoke &quot;eng3.Livro.verPrazo()&quot; because &quot;this.livro&quot; is null
	at eng3.Item.calculaDataDevolucao(Item.java:40)
	at eng3.EmprestimoTest.testCalculoDataDeDevolucao(EmprestimoTest.java:59)
</failure>
  </testcase>
  <testcase classname="eng3.EmprestimoTest" name="eng3.EmprestimoTest.testLivroNaoEmprestavel" time="0.001">
    <failure message="Cannot invoke &quot;eng3.Livro.setEmprestavel(boolean)&quot; because &quot;this.livro1&quot; is null" type="java.lang.NullPointerException">java.lang.NullPointerException: Cannot invoke &quot;eng3.Livro.setEmprestavel(boolean)&quot; because &quot;this.livro1&quot; is null
	at eng3.EmprestimoTest.testLivroNaoEmprestavel(EmprestimoTest.java:71)
</failure>
  </testcase>
  <testcase classname="eng3.EmprestimoTest" name="eng3.EmprestimoTest.testItemAssociacaoLivro" time="0.001">
    <failure message="org/junit/Assert" type="java.lang.NoClassDefFoundError">java.lang.NoClassDefFoundError: org/junit/Assert
	at eng3.EmprestimoTest.testItemAssociacaoLivro(EmprestimoTest.java:80)
Caused by: java.lang.ClassNotFoundException: org.junit.Assert
	at java.base/jdk.internal.loader.BuiltinClassLoader.loadClass(BuiltinClassLoader.java:641)
	at java.base/jdk.internal.loader.ClassLoaders$AppClassLoader.loadClass(ClassLoaders.java:188)
	at java.base/java.lang.ClassLoader.loadClass(ClassLoader.java:526)
	... 15 more
</failure>
  </testcase>
  <testcase classname="eng3.EmprestimoTest" name="eng3.EmprestimoTest.testAlunoCadastradoSemDebitos" time="0.001">
    <failure message="Cannot invoke &quot;eng3.Aluno.verficaAluno()&quot; because &quot;this.aluno&quot; is null" type="java.lang.NullPointerException">java.lang.NullPointerException: Cannot invoke &quot;eng3.Aluno.verficaAluno()&quot; because &quot;this.aluno&quot; is null
	at eng3.EmprestimoTest.testAlunoCadastradoSemDebitos(EmprestimoTest.java:28)
</failure>
  </testcase>
  <testcase classname="eng3.EmprestimoTest" name="eng3.EmprestimoTest.testAlunoComDebitos" time="0.001">
    <failure message="org/junit/Assert" type="java.lang.NoClassDefFoundError">java.lang.NoClassDefFoundError: org/junit/Assert
	at eng3.EmprestimoTest.testAlunoComDebitos(EmprestimoTest.java:35)
Caused by: java.lang.ClassNotFoundException: org.junit.Assert
	... 15 more
</failure>
  </testcase>
</testsuite>